---------------------------------------------------
  Starting Meetecho Janus (WebRTC Gateway) v0.2.6
---------------------------------------------------

Checking command line arguments...
Debug/log level is 4
Debug/log timestamps are disabled
Debug/log colors are enabled
Adding 'vmnet' to the ICE ignore list...
Using 172.19.0.2 as local IP...
[33m[WARN][0m Token based authentication disabled
Initializing recorder code
Initializing ICE stuff (Full mode, ICE-TCP candidates disabled, IPv6 support disabled)
STUN server to use: stun.l.google.com:19302
ICE handles watchdog started
Testing STUN server: message is of 20 bytes
  >> Our public address is 148.251.166.54
TURN REST API backend: (disabled)
BUNDLE is NOT going to be forced
rtcp-mux is NOT going to be forced
Crypto: BoringSSL
Fingerprint of our certificate: D2:B9:31:8F:DF:24:D8:0E:ED:D2:EF:25:9E:AF:6F:B8:34:AE:53:9C:E6:F3:8F:F2:64:15:FA:E8:7F:53:2D:38
Event handler plugins folder: /opt/janus/lib/janus/events
[33m[WARN][0m Event handlers support disabled
Plugins folder: /opt/janus/lib/janus/plugins
Loading plugin 'libjanus_videoroom.so'...
JANUS VideoRoom plugin initialized!
Loading plugin 'libjanus_streaming.so'...
VideoRoom watchdog started
JANUS Streaming plugin initialized!
Loading plugin 'libjanus_sip.so'...
JANUS SIP plugin initialized!
Loading plugin 'libjanus_textroom.so'...
SIP watchdog started
JANUS TextRoom plugin initialized!
Loading plugin 'libjanus_auviousroom.so'...
JANUS AuviousRoom plugin initialized!
Loading plugin 'libjanus_audiobridge.so'...
AuviousRoom watchdog started
JANUS AudioBridge plugin initialized!
Loading plugin 'libjanus_echotest.so'...
AudioBridge watchdog started
JANUS EchoTest plugin initialized!
Loading plugin 'libjanus_recordplay.so'...
EchoTest watchdog started
JANUS Record&Play plugin initialized!
Loading plugin 'libjanus_voicemail.so'...
Record&Play watchdog started
JANUS VoiceMail plugin initialized!
Loading plugin 'libjanus_nosip.so'...
VoiceMail watchdog started
[31m[ERR][0m [config.c:janus_config_parse:91]   -- Error reading configuration file 'janus.plugin.nosip.cfg'... error 2 (No such file or directory)
JANUS NoSIP plugin initialized!
Loading plugin 'libjanus_videocall.so'...
NoSIP watchdog started
JANUS VideoCall plugin initialized!
VideoCall watchdog started
Transport plugins folder: /opt/janus/lib/janus/transports
Loading transport plugin 'libjanus_http.so'...
Streaming watchdog started
TextRoom watchdog started
Sessions watchdog started
HTTP webserver started (port 8088, /janus path listener)...
[33m[WARN][0m HTTPS webserver disabled
[33m[WARN][0m Admin/monitor HTTP webserver disabled
[33m[WARN][0m Admin/monitor HTTPS webserver disabled
JANUS REST (HTTP/HTTPS) transport plugin initialized!
Loading transport plugin 'libjanus_websockets.so'...
HTTP/Janus sessions watchdog started
WebSockets server started (port 8188)...
[33m[WARN][0m Secure WebSockets server disabled
[33m[WARN][0m Admin WebSockets server disabled
[33m[WARN][0m Secure Admin WebSockets server disabled
JANUS WebSockets transport plugin initialized!
WebSockets thread started
Stopping gateway, please wait...
Ending watchdog mainloop...
Closing transport plugins:
Stopping webserver(s)...
HTTP/Janus sessions watchdog stopped
JANUS REST (HTTP/HTTPS) transport plugin destroyed!
WebSockets thread ended
JANUS WebSockets transport plugin destroyed!
Destroying sessions...
Freeing crypto resources...
De-initializing SCTP...
Ending ICE handles watchdog mainloop...
Closing plugins:
In a hurry? I'm trying to free resources cleanly, here!
AudioBridge watchdog stopped
JANUS AudioBridge plugin destroyed!
VoiceMail watchdog stopped
JANUS VoiceMail plugin destroyed!
EchoTest watchdog stopped
JANUS EchoTest plugin destroyed!
Record&Play watchdog stopped
JANUS Record&Play plugin destroyed!
TextRoom watchdog stopped
JANUS TextRoom plugin destroyed!
VideoRoom watchdog stopped
JANUS VideoRoom plugin destroyed!
VideoCall watchdog stopped
JANUS VideoCall plugin destroyed!
Streaming watchdog stopped
JANUS Streaming plugin destroyed!
NoSIP watchdog stopped
JANUS NoSIP plugin destroyed!
AuviousRoom watchdog stopped
JANUS AuviousRoom plugin destroyed!
SIP watchdog stopped
JANUS SIP plugin destroyed!
Closing event handlers:
Bye!
---------------------------------------------------
  Starting Meetecho Janus (WebRTC Gateway) v0.2.6
---------------------------------------------------

Checking command line arguments...
Debug/log level is 4
Debug/log timestamps are disabled
Debug/log colors are enabled
Adding 'vmnet' to the ICE ignore list...
Using 172.19.0.2 as local IP...
[33m[WARN][0m Token based authentication disabled
Initializing recorder code
Initializing ICE stuff (Full mode, ICE-TCP candidates disabled, IPv6 support disabled)
ICE handles watchdog started
STUN server to use: stun.l.google.com:19302
Testing STUN server: message is of 20 bytes
  >> Our public address is 148.251.166.54
TURN REST API backend: (disabled)
BUNDLE is NOT going to be forced
rtcp-mux is NOT going to be forced
Crypto: BoringSSL
Fingerprint of our certificate: D2:B9:31:8F:DF:24:D8:0E:ED:D2:EF:25:9E:AF:6F:B8:34:AE:53:9C:E6:F3:8F:F2:64:15:FA:E8:7F:53:2D:38
Event handler plugins folder: /opt/janus/lib/janus/events
Sessions watchdog started
[33m[WARN][0m Event handlers support disabled
Plugins folder: /opt/janus/lib/janus/plugins
Loading plugin 'libjanus_videoroom.so'...
JANUS VideoRoom plugin initialized!
Loading plugin 'libjanus_streaming.so'...
VideoRoom watchdog started
JANUS Streaming plugin initialized!
Loading plugin 'libjanus_sip.so'...
Streaming watchdog started
JANUS SIP plugin initialized!
Loading plugin 'libjanus_textroom.so'...
SIP watchdog started
JANUS TextRoom plugin initialized!
Loading plugin 'libjanus_auviousroom.so'...
TextRoom watchdog started
JANUS AuviousRoom plugin initialized!
Loading plugin 'libjanus_audiobridge.so'...
AuviousRoom watchdog started
JANUS AudioBridge plugin initialized!
Loading plugin 'libjanus_echotest.so'...
AudioBridge watchdog started
JANUS EchoTest plugin initialized!
Loading plugin 'libjanus_recordplay.so'...
EchoTest watchdog started
JANUS Record&Play plugin initialized!
Loading plugin 'libjanus_voicemail.so'...
Record&Play watchdog started
JANUS VoiceMail plugin initialized!
Loading plugin 'libjanus_nosip.so'...
VoiceMail watchdog started
[31m[ERR][0m [config.c:janus_config_parse:91]   -- Error reading configuration file 'janus.plugin.nosip.cfg'... error 2 (No such file or directory)
JANUS NoSIP plugin initialized!
Loading plugin 'libjanus_videocall.so'...
NoSIP watchdog started
JANUS VideoCall plugin initialized!
Transport plugins folder: /opt/janus/lib/janus/transports
VideoCall watchdog started
Loading transport plugin 'libjanus_http.so'...
HTTP webserver started (port 8088, /janus path listener)...
[33m[WARN][0m HTTPS webserver disabled
[33m[WARN][0m Admin/monitor HTTP webserver disabled
[33m[WARN][0m Admin/monitor HTTPS webserver disabled
JANUS REST (HTTP/HTTPS) transport plugin initialized!
Loading transport plugin 'libjanus_websockets.so'...
HTTP/Janus sessions watchdog started
WebSockets server started (port 8188)...
[33m[WARN][0m Secure WebSockets server disabled
[33m[WARN][0m Admin WebSockets server disabled
[33m[WARN][0m Secure Admin WebSockets server disabled
JANUS WebSockets transport plugin initialized!
WebSockets thread started
Stopping gateway, please wait...
Ending watchdog mainloop...
Closing transport plugins:
Stopping webserver(s)...
HTTP/Janus sessions watchdog stopped
JANUS REST (HTTP/HTTPS) transport plugin destroyed!
WebSockets thread ended
JANUS WebSockets transport plugin destroyed!
Destroying sessions...
Freeing crypto resources...
De-initializing SCTP...
Ending ICE handles watchdog mainloop...
Closing plugins:
AudioBridge watchdog stopped
JANUS AudioBridge plugin destroyed!
VoiceMail watchdog stopped
JANUS VoiceMail plugin destroyed!
EchoTest watchdog stopped
JANUS EchoTest plugin destroyed!
Record&Play watchdog stopped
JANUS Record&Play plugin destroyed!
TextRoom watchdog stopped
JANUS TextRoom plugin destroyed!
VideoRoom watchdog stopped
JANUS VideoRoom plugin destroyed!
VideoCall watchdog stopped
JANUS VideoCall plugin destroyed!
Streaming watchdog stopped
JANUS Streaming plugin destroyed!
NoSIP watchdog stopped
JANUS NoSIP plugin destroyed!
AuviousRoom watchdog stopped
JANUS AuviousRoom plugin destroyed!
SIP watchdog stopped
JANUS SIP plugin destroyed!
Closing event handlers:
Bye!
